<?xml version="1.0" encoding="UTF-8"?>
<testsuite xmlns:xsi="http://www.w3.org/2001/XMLSchema-instance" xsi:noNamespaceSchemaLocation="https://maven.apache.org/surefire/maven-surefire-plugin/xsd/surefire-test-report-3.0.xsd" version="3.0" name="com.iamneo.discovery.DiscoveryApplicationTests" time="4.709" tests="1" errors="0" skipped="0" failures="0">
  <properties>
[...]
</properties>
  <testcase name="contextLoads" classname="com.iamneo.discovery.DiscoveryApplicationTests" time="0.434">
    <system-out><![CDATA[23:30:11.256 [main] INFO org.springframework.test.context.support.AnnotationConfigContextLoaderUtils -- Could not detect default configuration classes for test class [com.iamneo.discovery.DiscoveryApplicationTests]: DiscoveryApplicationTests does not declare any static, non-private, non-final, nested classes annotated with @Configuration.
23:30:11.358 [main] INFO org.springframework.boot.test.context.SpringBootTestContextBootstrapper -- Found @SpringBootConfiguration com.iamneo.discovery.DiscoveryApplication for test class com.iamneo.discovery.DiscoveryApplicationTests

  .   ____          _            __ _ _
 /\\ / ___'_ __ _ _(_)_ __  __ _ \ \ \ \
( ( )\___ | '_ | '_| | '_ \/ _` | \ \ \ \
 \\/  ___)| |_)| | | | | || (_| |  ) ) ) )
  '  |____| .__|_| |_|_| |_\__, | / / / /
 =========|_|==============|___/=/_/_/_/
 :: Spring Boot ::                (v3.1.2)

2023-09-13T23:30:11.836+05:30  INFO 5668 --- [           main] c.i.discovery.DiscoveryApplicationTests  : Starting DiscoveryApplicationTests using Java 17.0.4.1 with PID 5668 (started by sanjeevi in C:\Users\sanjeevi\Desktop\resume_builder-main\discovery)
2023-09-13T23:30:11.838+05:30  INFO 5668 --- [           main] c.i.discovery.DiscoveryApplicationTests  : No active profile set, falling back to 1 default profile: "default"
2023-09-13T23:30:12.962+05:30  INFO 5668 --- [           main] o.s.cloud.context.scope.GenericScope     : BeanFactory id=53f422eb-2f14-3c5a-80b3-033dc3f5b6d6
2023-09-13T23:30:14.452+05:30  WARN 5668 --- [           main] iguration$LoadBalancerCaffeineWarnLogger : Spring Cloud LoadBalancer is currently working with the default cache. While this cache implementation is useful for development and tests, it's recommended to use Caffeine cache in production.You can switch to using Caffeine cache, by adding it and org.springframework.cache.caffeine.CaffeineCacheManager to the classpath.
2023-09-13T23:30:14.724+05:30  INFO 5668 --- [           main] o.s.c.n.eureka.InstanceInfoFactory       : Setting initial instance status as: STARTING
2023-09-13T23:30:14.754+05:30  INFO 5668 --- [           main] com.netflix.discovery.DiscoveryClient    : Initializing Eureka in region us-east-1
2023-09-13T23:30:14.756+05:30  INFO 5668 --- [           main] com.netflix.discovery.DiscoveryClient    : Client configured to neither register nor query for data.
2023-09-13T23:30:14.766+05:30  INFO 5668 --- [           main] com.netflix.discovery.DiscoveryClient    : Discovery Client initialized at timestamp 1694628014765 with initial instances count: 0
2023-09-13T23:30:14.805+05:30  INFO 5668 --- [           main] c.n.eureka.DefaultEurekaServerContext    : Initializing ...
2023-09-13T23:30:14.807+05:30  INFO 5668 --- [           main] c.n.eureka.cluster.PeerEurekaNodes       : Adding new peer nodes [http://localhost:8761/eureka/]
2023-09-13T23:30:15.024+05:30  INFO 5668 --- [           main] c.n.d.provider.DiscoveryJerseyProvider   : Using JSON encoding codec LegacyJacksonJson
2023-09-13T23:30:15.024+05:30  INFO 5668 --- [           main] c.n.d.provider.DiscoveryJerseyProvider   : Using JSON decoding codec LegacyJacksonJson
2023-09-13T23:30:15.024+05:30  INFO 5668 --- [           main] c.n.d.provider.DiscoveryJerseyProvider   : Using XML encoding codec XStreamXml
2023-09-13T23:30:15.024+05:30  INFO 5668 --- [           main] c.n.d.provider.DiscoveryJerseyProvider   : Using XML decoding codec XStreamXml
2023-09-13T23:30:15.137+05:30  INFO 5668 --- [           main] c.n.eureka.cluster.PeerEurekaNodes       : Replica node URL:  http://localhost:8761/eureka/
2023-09-13T23:30:15.143+05:30  INFO 5668 --- [           main] c.n.e.registry.AbstractInstanceRegistry  : Finished initializing remote region registries. All known remote regions: []
2023-09-13T23:30:15.144+05:30  INFO 5668 --- [           main] c.n.eureka.DefaultEurekaServerContext    : Initialized
2023-09-13T23:30:15.266+05:30  INFO 5668 --- [           main] o.s.b.a.e.web.EndpointLinksResolver      : Exposing 1 endpoint(s) beneath base path '/actuator'
2023-09-13T23:30:15.308+05:30  INFO 5668 --- [           main] o.s.c.n.e.s.EurekaServiceRegistry        : Registering application UNKNOWN with eureka with status UP
2023-09-13T23:30:15.323+05:30  INFO 5668 --- [      Thread-11] o.s.c.n.e.server.EurekaServerBootstrap   : isAws returned false
2023-09-13T23:30:15.324+05:30  INFO 5668 --- [      Thread-11] o.s.c.n.e.server.EurekaServerBootstrap   : Initialized server context
2023-09-13T23:30:15.324+05:30  INFO 5668 --- [      Thread-11] c.n.e.r.PeerAwareInstanceRegistryImpl    : Got 1 instances from neighboring DS node
2023-09-13T23:30:15.324+05:30  INFO 5668 --- [      Thread-11] c.n.e.r.PeerAwareInstanceRegistryImpl    : Renew threshold is: 1
2023-09-13T23:30:15.325+05:30  INFO 5668 --- [      Thread-11] c.n.e.r.PeerAwareInstanceRegistryImpl    : Changing status to UP
2023-09-13T23:30:15.327+05:30  INFO 5668 --- [           main] c.i.discovery.DiscoveryApplicationTests  : Started DiscoveryApplicationTests in 3.81 seconds (process running for 5.049)
2023-09-13T23:30:15.336+05:30  INFO 5668 --- [      Thread-11] e.s.EurekaServerInitializerConfiguration : Started Eureka Server
]]></system-out>
  </testcase>
</testsuite>